CRITICAL - 2022-10-21 00:03:45 --> Undefined variable: id
in APPPATH\Controllers\Inicio.php on line 132.
 1 APPPATH\Controllers\Inicio.php(132): CodeIgniter\Debug\Exceptions->errorHandler(8, 'Undefined variable: id', 'APPPATH\\Controllers\\Inicio.php', 132, [])
 2 SYSTEMPATH\CodeIgniter.php(904): App\Controllers\Inicio->actualizar()
 3 SYSTEMPATH\CodeIgniter.php(457): CodeIgniter\CodeIgniter->runController(Object(App\Controllers\Inicio))
 4 SYSTEMPATH\CodeIgniter.php(340): CodeIgniter\CodeIgniter->handleRequest(null, Object(Config\Cache), false)
 5 FCPATH\index.php(67): CodeIgniter\CodeIgniter->run()
CRITICAL - 2022-10-21 00:04:15 --> Too few arguments to function App\Controllers\Inicio::actualizar(), 0 passed in C:\laragon\www\cafeteria\system\CodeIgniter.php on line 904 and exactly 1 expected
in APPPATH\Controllers\Inicio.php on line 128.
 1 SYSTEMPATH\CodeIgniter.php(904): App\Controllers\Inicio->actualizar()
 2 SYSTEMPATH\CodeIgniter.php(457): CodeIgniter\CodeIgniter->runController(Object(App\Controllers\Inicio))
 3 SYSTEMPATH\CodeIgniter.php(340): CodeIgniter\CodeIgniter->handleRequest(null, Object(Config\Cache), false)
 4 FCPATH\index.php(67): CodeIgniter\CodeIgniter->run()
CRITICAL - 2022-10-21 00:04:34 --> Too few arguments to function App\Controllers\Inicio::actualizar(), 0 passed in C:\laragon\www\cafeteria\system\CodeIgniter.php on line 904 and exactly 1 expected
in APPPATH\Controllers\Inicio.php on line 128.
 1 SYSTEMPATH\CodeIgniter.php(904): App\Controllers\Inicio->actualizar()
 2 SYSTEMPATH\CodeIgniter.php(457): CodeIgniter\CodeIgniter->runController(Object(App\Controllers\Inicio))
 3 SYSTEMPATH\CodeIgniter.php(340): CodeIgniter\CodeIgniter->handleRequest(null, Object(Config\Cache), false)
 4 FCPATH\index.php(67): CodeIgniter\CodeIgniter->run()
CRITICAL - 2022-10-21 00:05:31 --> Too few arguments to function App\Controllers\Inicio::actualizar(), 0 passed in C:\laragon\www\cafeteria\system\CodeIgniter.php on line 904 and exactly 1 expected
in APPPATH\Controllers\Inicio.php on line 128.
 1 SYSTEMPATH\CodeIgniter.php(904): App\Controllers\Inicio->actualizar()
 2 SYSTEMPATH\CodeIgniter.php(457): CodeIgniter\CodeIgniter->runController(Object(App\Controllers\Inicio))
 3 SYSTEMPATH\CodeIgniter.php(340): CodeIgniter\CodeIgniter->handleRequest(null, Object(Config\Cache), false)
 4 FCPATH\index.php(67): CodeIgniter\CodeIgniter->run()
CRITICAL - 2022-10-21 00:06:32 --> Too few arguments to function App\Controllers\Inicio::actualizar(), 0 passed in C:\laragon\www\cafeteria\system\CodeIgniter.php on line 904 and exactly 1 expected
in APPPATH\Controllers\Inicio.php on line 128.
 1 SYSTEMPATH\CodeIgniter.php(904): App\Controllers\Inicio->actualizar()
 2 SYSTEMPATH\CodeIgniter.php(457): CodeIgniter\CodeIgniter->runController(Object(App\Controllers\Inicio))
 3 SYSTEMPATH\CodeIgniter.php(340): CodeIgniter\CodeIgniter->handleRequest(null, Object(Config\Cache), false)
 4 FCPATH\index.php(67): CodeIgniter\CodeIgniter->run()
CRITICAL - 2022-10-21 00:06:33 --> Too few arguments to function App\Controllers\Inicio::actualizar(), 0 passed in C:\laragon\www\cafeteria\system\CodeIgniter.php on line 904 and exactly 1 expected
in APPPATH\Controllers\Inicio.php on line 128.
 1 SYSTEMPATH\CodeIgniter.php(904): App\Controllers\Inicio->actualizar()
 2 SYSTEMPATH\CodeIgniter.php(457): CodeIgniter\CodeIgniter->runController(Object(App\Controllers\Inicio))
 3 SYSTEMPATH\CodeIgniter.php(340): CodeIgniter\CodeIgniter->handleRequest(null, Object(Config\Cache), false)
 4 FCPATH\index.php(67): CodeIgniter\CodeIgniter->run()
CRITICAL - 2022-10-21 00:06:34 --> Too few arguments to function App\Controllers\Inicio::actualizar(), 0 passed in C:\laragon\www\cafeteria\system\CodeIgniter.php on line 904 and exactly 1 expected
in APPPATH\Controllers\Inicio.php on line 128.
 1 SYSTEMPATH\CodeIgniter.php(904): App\Controllers\Inicio->actualizar()
 2 SYSTEMPATH\CodeIgniter.php(457): CodeIgniter\CodeIgniter->runController(Object(App\Controllers\Inicio))
 3 SYSTEMPATH\CodeIgniter.php(340): CodeIgniter\CodeIgniter->handleRequest(null, Object(Config\Cache), false)
 4 FCPATH\index.php(67): CodeIgniter\CodeIgniter->run()
CRITICAL - 2022-10-21 00:06:34 --> Too few arguments to function App\Controllers\Inicio::actualizar(), 0 passed in C:\laragon\www\cafeteria\system\CodeIgniter.php on line 904 and exactly 1 expected
in APPPATH\Controllers\Inicio.php on line 128.
 1 SYSTEMPATH\CodeIgniter.php(904): App\Controllers\Inicio->actualizar()
 2 SYSTEMPATH\CodeIgniter.php(457): CodeIgniter\CodeIgniter->runController(Object(App\Controllers\Inicio))
 3 SYSTEMPATH\CodeIgniter.php(340): CodeIgniter\CodeIgniter->handleRequest(null, Object(Config\Cache), false)
 4 FCPATH\index.php(67): CodeIgniter\CodeIgniter->run()
CRITICAL - 2022-10-21 00:06:34 --> Too few arguments to function App\Controllers\Inicio::actualizar(), 0 passed in C:\laragon\www\cafeteria\system\CodeIgniter.php on line 904 and exactly 1 expected
in APPPATH\Controllers\Inicio.php on line 128.
 1 SYSTEMPATH\CodeIgniter.php(904): App\Controllers\Inicio->actualizar()
 2 SYSTEMPATH\CodeIgniter.php(457): CodeIgniter\CodeIgniter->runController(Object(App\Controllers\Inicio))
 3 SYSTEMPATH\CodeIgniter.php(340): CodeIgniter\CodeIgniter->handleRequest(null, Object(Config\Cache), false)
 4 FCPATH\index.php(67): CodeIgniter\CodeIgniter->run()
CRITICAL - 2022-10-21 00:06:34 --> Too few arguments to function App\Controllers\Inicio::actualizar(), 0 passed in C:\laragon\www\cafeteria\system\CodeIgniter.php on line 904 and exactly 1 expected
in APPPATH\Controllers\Inicio.php on line 128.
 1 SYSTEMPATH\CodeIgniter.php(904): App\Controllers\Inicio->actualizar()
 2 SYSTEMPATH\CodeIgniter.php(457): CodeIgniter\CodeIgniter->runController(Object(App\Controllers\Inicio))
 3 SYSTEMPATH\CodeIgniter.php(340): CodeIgniter\CodeIgniter->handleRequest(null, Object(Config\Cache), false)
 4 FCPATH\index.php(67): CodeIgniter\CodeIgniter->run()
CRITICAL - 2022-10-21 00:07:43 --> Too few arguments to function App\Controllers\Inicio::actualizar(), 0 passed in C:\laragon\www\cafeteria\system\CodeIgniter.php on line 904 and exactly 1 expected
in APPPATH\Controllers\Inicio.php on line 128.
 1 SYSTEMPATH\CodeIgniter.php(904): App\Controllers\Inicio->actualizar()
 2 SYSTEMPATH\CodeIgniter.php(457): CodeIgniter\CodeIgniter->runController(Object(App\Controllers\Inicio))
 3 SYSTEMPATH\CodeIgniter.php(340): CodeIgniter\CodeIgniter->handleRequest(null, Object(Config\Cache), false)
 4 FCPATH\index.php(67): CodeIgniter\CodeIgniter->run()
CRITICAL - 2022-10-21 00:07:44 --> Too few arguments to function App\Controllers\Inicio::actualizar(), 0 passed in C:\laragon\www\cafeteria\system\CodeIgniter.php on line 904 and exactly 1 expected
in APPPATH\Controllers\Inicio.php on line 128.
 1 SYSTEMPATH\CodeIgniter.php(904): App\Controllers\Inicio->actualizar()
 2 SYSTEMPATH\CodeIgniter.php(457): CodeIgniter\CodeIgniter->runController(Object(App\Controllers\Inicio))
 3 SYSTEMPATH\CodeIgniter.php(340): CodeIgniter\CodeIgniter->handleRequest(null, Object(Config\Cache), false)
 4 FCPATH\index.php(67): CodeIgniter\CodeIgniter->run()
CRITICAL - 2022-10-21 00:07:47 --> Too few arguments to function App\Controllers\Inicio::actualizar(), 0 passed in C:\laragon\www\cafeteria\system\CodeIgniter.php on line 904 and exactly 1 expected
in APPPATH\Controllers\Inicio.php on line 128.
 1 SYSTEMPATH\CodeIgniter.php(904): App\Controllers\Inicio->actualizar()
 2 SYSTEMPATH\CodeIgniter.php(457): CodeIgniter\CodeIgniter->runController(Object(App\Controllers\Inicio))
 3 SYSTEMPATH\CodeIgniter.php(340): CodeIgniter\CodeIgniter->handleRequest(null, Object(Config\Cache), false)
 4 FCPATH\index.php(67): CodeIgniter\CodeIgniter->run()
CRITICAL - 2022-10-21 00:08:19 --> Undefined variable: id
in APPPATH\Controllers\Inicio.php on line 131.
 1 APPPATH\Controllers\Inicio.php(131): CodeIgniter\Debug\Exceptions->errorHandler(8, 'Undefined variable: id', 'APPPATH\\Controllers\\Inicio.php', 131, [])
 2 SYSTEMPATH\CodeIgniter.php(904): App\Controllers\Inicio->actualizar()
 3 SYSTEMPATH\CodeIgniter.php(457): CodeIgniter\CodeIgniter->runController(Object(App\Controllers\Inicio))
 4 SYSTEMPATH\CodeIgniter.php(340): CodeIgniter\CodeIgniter->handleRequest(null, Object(Config\Cache), false)
 5 FCPATH\index.php(67): CodeIgniter\CodeIgniter->run()
CRITICAL - 2022-10-21 00:11:20 --> Undefined index: nombre
in APPPATH\Views\editar.php on line 27.
 1 APPPATH\Views\editar.php(27): CodeIgniter\Debug\Exceptions->errorHandler(8, 'Undefined index: nombre', 'APPPATH\\Views\\editar.php', 27, [...])
 2 SYSTEMPATH\View\View.php(213): include('APPPATH\\Views\\editar.php')
 3 SYSTEMPATH\View\View.php(216): CodeIgniter\View\View->CodeIgniter\View\{closure}()
 4 SYSTEMPATH\Common.php(1137): CodeIgniter\View\View->render('editar', [], true)
 5 APPPATH\Controllers\Inicio.php(134): view('editar', [...])
 6 SYSTEMPATH\CodeIgniter.php(904): App\Controllers\Inicio->actualizar('1')
 7 SYSTEMPATH\CodeIgniter.php(457): CodeIgniter\CodeIgniter->runController(Object(App\Controllers\Inicio))
 8 SYSTEMPATH\CodeIgniter.php(340): CodeIgniter\CodeIgniter->handleRequest(null, Object(Config\Cache), false)
 9 FCPATH\index.php(67): CodeIgniter\CodeIgniter->run()
CRITICAL - 2022-10-21 00:23:05 --> Too few arguments to function App\Controllers\Inicio::actualizar(), 0 passed in C:\laragon\www\cafeteria\system\CodeIgniter.php on line 904 and exactly 1 expected
in APPPATH\Controllers\Inicio.php on line 128.
 1 SYSTEMPATH\CodeIgniter.php(904): App\Controllers\Inicio->actualizar()
 2 SYSTEMPATH\CodeIgniter.php(457): CodeIgniter\CodeIgniter->runController(Object(App\Controllers\Inicio))
 3 SYSTEMPATH\CodeIgniter.php(340): CodeIgniter\CodeIgniter->handleRequest(null, Object(Config\Cache), false)
 4 FCPATH\index.php(67): CodeIgniter\CodeIgniter->run()
CRITICAL - 2022-10-21 01:01:25 --> Class 'App\Models\VentasModel' not found
in APPPATH\Controllers\VentasController.php on line 18.
 1 SYSTEMPATH\CodeIgniter.php(866): App\Controllers\VentasController->__construct()
 2 SYSTEMPATH\CodeIgniter.php(448): CodeIgniter\CodeIgniter->createController()
 3 SYSTEMPATH\CodeIgniter.php(340): CodeIgniter\CodeIgniter->handleRequest(null, Object(Config\Cache), false)
 4 FCPATH\index.php(67): CodeIgniter\CodeIgniter->run()
CRITICAL - 2022-10-21 01:01:46 --> Class 'App\Models\VentasModel' not found
in APPPATH\Controllers\VentasController.php on line 18.
 1 SYSTEMPATH\CodeIgniter.php(866): App\Controllers\VentasController->__construct()
 2 SYSTEMPATH\CodeIgniter.php(448): CodeIgniter\CodeIgniter->createController()
 3 SYSTEMPATH\CodeIgniter.php(340): CodeIgniter\CodeIgniter->handleRequest(null, Object(Config\Cache), false)
 4 FCPATH\index.php(67): CodeIgniter\CodeIgniter->run()
CRITICAL - 2022-10-21 01:01:48 --> Class 'App\Models\VentasModel' not found
in APPPATH\Controllers\VentasController.php on line 18.
 1 SYSTEMPATH\CodeIgniter.php(866): App\Controllers\VentasController->__construct()
 2 SYSTEMPATH\CodeIgniter.php(448): CodeIgniter\CodeIgniter->createController()
 3 SYSTEMPATH\CodeIgniter.php(340): CodeIgniter\CodeIgniter->handleRequest(null, Object(Config\Cache), false)
 4 FCPATH\index.php(67): CodeIgniter\CodeIgniter->run()
CRITICAL - 2022-10-21 01:01:51 --> Class 'App\Models\DetalleVentasModel' not found
in APPPATH\Controllers\VentasController.php on line 19.
 1 SYSTEMPATH\CodeIgniter.php(866): App\Controllers\VentasController->__construct()
 2 SYSTEMPATH\CodeIgniter.php(448): CodeIgniter\CodeIgniter->createController()
 3 SYSTEMPATH\CodeIgniter.php(340): CodeIgniter\CodeIgniter->handleRequest(null, Object(Config\Cache), false)
 4 FCPATH\index.php(67): CodeIgniter\CodeIgniter->run()
CRITICAL - 2022-10-21 01:02:07 --> Call to a member function where() on null
in APPPATH\Controllers\VentasController.php on line 40.
 1 SYSTEMPATH\CodeIgniter.php(904): App\Controllers\VentasController->ingresoCaja()
 2 SYSTEMPATH\CodeIgniter.php(457): CodeIgniter\CodeIgniter->runController(Object(App\Controllers\VentasController))
 3 SYSTEMPATH\CodeIgniter.php(340): CodeIgniter\CodeIgniter->handleRequest(null, Object(Config\Cache), false)
 4 FCPATH\index.php(67): CodeIgniter\CodeIgniter->run()
CRITICAL - 2022-10-21 01:02:28 --> Undefined variable: data
in APPPATH\Controllers\VentasController.php on line 43.
 1 APPPATH\Controllers\VentasController.php(43): CodeIgniter\Debug\Exceptions->errorHandler(8, 'Undefined variable: data', 'APPPATH\\Controllers\\VentasController.php', 43, [])
 2 SYSTEMPATH\CodeIgniter.php(904): App\Controllers\VentasController->ingresoCaja()
 3 SYSTEMPATH\CodeIgniter.php(457): CodeIgniter\CodeIgniter->runController(Object(App\Controllers\VentasController))
 4 SYSTEMPATH\CodeIgniter.php(340): CodeIgniter\CodeIgniter->handleRequest(null, Object(Config\Cache), false)
 5 FCPATH\index.php(67): CodeIgniter\CodeIgniter->run()
CRITICAL - 2022-10-21 01:02:41 --> Undefined variable: tipoPago
in APPPATH\Views\facturacion.php on line 54.
 1 APPPATH\Views\facturacion.php(54): CodeIgniter\Debug\Exceptions->errorHandler(8, 'Undefined variable: tipoPago', 'APPPATH\\Views\\facturacion.php', 54, [...])
 2 SYSTEMPATH\View\View.php(213): include('APPPATH\\Views\\facturacion.php')
 3 SYSTEMPATH\View\View.php(216): CodeIgniter\View\View->CodeIgniter\View\{closure}()
 4 SYSTEMPATH\Common.php(1137): CodeIgniter\View\View->render('facturacion', [], true)
 5 APPPATH\Controllers\VentasController.php(43): view('facturacion')
 6 SYSTEMPATH\CodeIgniter.php(904): App\Controllers\VentasController->ingresoCaja()
 7 SYSTEMPATH\CodeIgniter.php(457): CodeIgniter\CodeIgniter->runController(Object(App\Controllers\VentasController))
 8 SYSTEMPATH\CodeIgniter.php(340): CodeIgniter\CodeIgniter->handleRequest(null, Object(Config\Cache), false)
 9 FCPATH\index.php(67): CodeIgniter\CodeIgniter->run()
CRITICAL - 2022-10-21 02:11:38 --> Undefined variable: valor
in APPPATH\Controllers\VentasController.php on line 54.
 1 APPPATH\Controllers\VentasController.php(54): CodeIgniter\Debug\Exceptions->errorHandler(8, 'Undefined variable: valor', 'APPPATH\\Controllers\\VentasController.php', 54, [...])
 2 SYSTEMPATH\CodeIgniter.php(904): App\Controllers\VentasController->autoCompletar('1')
 3 SYSTEMPATH\CodeIgniter.php(457): CodeIgniter\CodeIgniter->runController(Object(App\Controllers\VentasController))
 4 SYSTEMPATH\CodeIgniter.php(340): CodeIgniter\CodeIgniter->handleRequest(null, Object(Config\Cache), false)
 5 FCPATH\index.php(67): CodeIgniter\CodeIgniter->run()
CRITICAL - 2022-10-21 02:16:52 --> Argument 2 passed to CodeIgniter\Database\BaseBuilder::like() must be of the type string, null given, called in C:\laragon\www\cafeteria\system\Model.php on line 771
in SYSTEMPATH\Database\BaseBuilder.php on line 954.
 1 SYSTEMPATH\Model.php(771): CodeIgniter\Database\BaseBuilder->like('id', null)
 2 APPPATH\Controllers\VentasController.php(54): CodeIgniter\Model->__call('like', [...])
 3 SYSTEMPATH\CodeIgniter.php(904): App\Controllers\VentasController->autoCompletar()
 4 SYSTEMPATH\CodeIgniter.php(457): CodeIgniter\CodeIgniter->runController(Object(App\Controllers\VentasController))
 5 SYSTEMPATH\CodeIgniter.php(340): CodeIgniter\CodeIgniter->handleRequest(null, Object(Config\Cache), false)
 6 FCPATH\index.php(67): CodeIgniter\CodeIgniter->run()
ERROR - 2022-10-21 02:18:47 --> mysqli_sql_exception: Unknown column 'activo' in 'where clause' in C:\laragon\www\cafeteria\system\Database\MySQLi\Connection.php:292
Stack trace:
#0 C:\laragon\www\cafeteria\system\Database\MySQLi\Connection.php(292): mysqli->query('SELECT *\nFROM `...', 0)
#1 C:\laragon\www\cafeteria\system\Database\BaseConnection.php(693): CodeIgniter\Database\MySQLi\Connection->execute('SELECT *\nFROM `...')
#2 C:\laragon\www\cafeteria\system\Database\BaseConnection.php(620): CodeIgniter\Database\BaseConnection->simpleQuery('SELECT *\nFROM `...')
#3 C:\laragon\www\cafeteria\system\Database\BaseBuilder.php(1585): CodeIgniter\Database\BaseConnection->query('SELECT *\nFROM `...', Array, false)
#4 C:\laragon\www\cafeteria\system\Model.php(222): CodeIgniter\Database\BaseBuilder->get()
#5 C:\laragon\www\cafeteria\system\BaseModel.php(584): CodeIgniter\Model->doFindAll(0, 0)
#6 C:\laragon\www\cafeteria\app\Controllers\VentasController.php(55): CodeIgniter\BaseModel->findAll()
#7 C:\laragon\www\cafeteria\system\CodeIgniter.php(904): App\Controllers\VentasController->autoCompletar()
#8 C:\laragon\www\cafeteria\system\CodeIgniter.php(457): CodeIgniter\CodeIgniter->runController(Object(App\Controllers\VentasController))
#9 C:\laragon\www\cafeteria\system\CodeIgniter.php(340): CodeIgniter\CodeIgniter->handleRequest(NULL, Object(Config\Cache), false)
#10 C:\laragon\www\cafeteria\public\index.php(67): CodeIgniter\CodeIgniter->run()
#11 {main}
CRITICAL - 2022-10-21 02:18:47 --> Unknown column 'activo' in 'where clause'
in SYSTEMPATH\Database\MySQLi\Connection.php on line 292.
 1 SYSTEMPATH\Database\MySQLi\Connection.php(292): mysqli->query('SELECT *
FROM `productos`
WHERE `id` LIKE \'%1%\' ESCAPE \'!\'
OR  `referencia` LIKE \'%1%\' ESCAPE \'!\'
AND `activo` = 1', 0)
 2 SYSTEMPATH\Database\BaseConnection.php(693): CodeIgniter\Database\MySQLi\Connection->execute('SELECT *
FROM `productos`
WHERE `id` LIKE \'%1%\' ESCAPE \'!\'
OR  `referencia` LIKE \'%1%\' ESCAPE \'!\'
AND `activo` = 1')
 3 SYSTEMPATH\Database\BaseConnection.php(620): CodeIgniter\Database\BaseConnection->simpleQuery('SELECT *
FROM `productos`
WHERE `id` LIKE \'%1%\' ESCAPE \'!\'
OR  `referencia` LIKE \'%1%\' ESCAPE \'!\'
AND `activo` = 1')
 4 SYSTEMPATH\Database\BaseBuilder.php(1585): CodeIgniter\Database\BaseConnection->query('SELECT *
FROM `productos`
WHERE `id` LIKE :id: ESCAPE \'!\'
OR  `referencia` LIKE :referencia: ESCAPE \'!\'
AND `activo` = :activo:', [...], false)
 5 SYSTEMPATH\Model.php(222): CodeIgniter\Database\BaseBuilder->get()
 6 SYSTEMPATH\BaseModel.php(584): CodeIgniter\Model->doFindAll(0, 0)
 7 APPPATH\Controllers\VentasController.php(55): CodeIgniter\BaseModel->findAll()
 8 SYSTEMPATH\CodeIgniter.php(904): App\Controllers\VentasController->autoCompletar()
 9 SYSTEMPATH\CodeIgniter.php(457): CodeIgniter\CodeIgniter->runController(Object(App\Controllers\VentasController))
10 SYSTEMPATH\CodeIgniter.php(340): CodeIgniter\CodeIgniter->handleRequest(null, Object(Config\Cache), false)
11 FCPATH\index.php(67): CodeIgniter\CodeIgniter->run()
