CRITICAL - 2022-10-20 19:48:29 --> Undefined variable: users
in APPPATH\Views\inicio.php on line 41.
 1 APPPATH\Views\inicio.php(41): CodeIgniter\Debug\Exceptions->errorHandler(8, 'Undefined variable: users', 'APPPATH\\Views\\inicio.php', 41, [])
 2 SYSTEMPATH\View\View.php(213): include('APPPATH\\Views\\inicio.php')
 3 SYSTEMPATH\View\View.php(216): CodeIgniter\View\View->CodeIgniter\View\{closure}()
 4 SYSTEMPATH\Common.php(1137): CodeIgniter\View\View->render('inicio', [], true)
 5 APPPATH\Controllers\Inicio.php(10): view('inicio')
 6 SYSTEMPATH\CodeIgniter.php(904): App\Controllers\Inicio->index()
 7 SYSTEMPATH\CodeIgniter.php(457): CodeIgniter\CodeIgniter->runController(Object(App\Controllers\Inicio))
 8 SYSTEMPATH\CodeIgniter.php(340): CodeIgniter\CodeIgniter->handleRequest(null, Object(Config\Cache), false)
 9 FCPATH\index.php(67): CodeIgniter\CodeIgniter->run()
CRITICAL - 2022-10-20 19:48:58 --> syntax error, unexpected '}', expecting end of file
in APPPATH\Views\inicio.php on line 47.
 1 SYSTEMPATH\View\View.php(216): CodeIgniter\View\View->CodeIgniter\View\{closure}()
 2 SYSTEMPATH\Common.php(1137): CodeIgniter\View\View->render('inicio', [], true)
 3 APPPATH\Controllers\Inicio.php(10): view('inicio')
 4 SYSTEMPATH\CodeIgniter.php(904): App\Controllers\Inicio->index()
 5 SYSTEMPATH\CodeIgniter.php(457): CodeIgniter\CodeIgniter->runController(Object(App\Controllers\Inicio))
 6 SYSTEMPATH\CodeIgniter.php(340): CodeIgniter\CodeIgniter->handleRequest(null, Object(Config\Cache), false)
 7 FCPATH\index.php(67): CodeIgniter\CodeIgniter->run()
CRITICAL - 2022-10-20 20:15:07 --> Undefined variable: datos
in APPPATH\Views\inicio.php on line 82.
 1 APPPATH\Views\inicio.php(82): CodeIgniter\Debug\Exceptions->errorHandler(8, 'Undefined variable: datos', 'APPPATH\\Views\\inicio.php', 82, [])
 2 SYSTEMPATH\View\View.php(213): include('APPPATH\\Views\\inicio.php')
 3 SYSTEMPATH\View\View.php(216): CodeIgniter\View\View->CodeIgniter\View\{closure}()
 4 SYSTEMPATH\Common.php(1137): CodeIgniter\View\View->render('inicio', [], true)
 5 APPPATH\Controllers\Inicio.php(10): view('inicio')
 6 SYSTEMPATH\CodeIgniter.php(904): App\Controllers\Inicio->index()
 7 SYSTEMPATH\CodeIgniter.php(457): CodeIgniter\CodeIgniter->runController(Object(App\Controllers\Inicio))
 8 SYSTEMPATH\CodeIgniter.php(340): CodeIgniter\CodeIgniter->handleRequest(null, Object(Config\Cache), false)
 9 FCPATH\index.php(67): CodeIgniter\CodeIgniter->run()
CRITICAL - 2022-10-20 20:15:20 --> Undefined variable: datos
in APPPATH\Views\inicio.php on line 82.
 1 APPPATH\Views\inicio.php(82): CodeIgniter\Debug\Exceptions->errorHandler(8, 'Undefined variable: datos', 'APPPATH\\Views\\inicio.php', 82, [])
 2 SYSTEMPATH\View\View.php(213): include('APPPATH\\Views\\inicio.php')
 3 SYSTEMPATH\View\View.php(216): CodeIgniter\View\View->CodeIgniter\View\{closure}()
 4 SYSTEMPATH\Common.php(1137): CodeIgniter\View\View->render('inicio', [], true)
 5 APPPATH\Controllers\Inicio.php(10): view('inicio')
 6 SYSTEMPATH\CodeIgniter.php(904): App\Controllers\Inicio->index()
 7 SYSTEMPATH\CodeIgniter.php(457): CodeIgniter\CodeIgniter->runController(Object(App\Controllers\Inicio))
 8 SYSTEMPATH\CodeIgniter.php(340): CodeIgniter\CodeIgniter->handleRequest(null, Object(Config\Cache), false)
 9 FCPATH\index.php(67): CodeIgniter\CodeIgniter->run()
CRITICAL - 2022-10-20 20:15:33 --> Undefined variable: datos
in APPPATH\Views\inicio.php on line 84.
 1 APPPATH\Views\inicio.php(84): CodeIgniter\Debug\Exceptions->errorHandler(8, 'Undefined variable: datos', 'APPPATH\\Views\\inicio.php', 84, [])
 2 SYSTEMPATH\View\View.php(213): include('APPPATH\\Views\\inicio.php')
 3 SYSTEMPATH\View\View.php(216): CodeIgniter\View\View->CodeIgniter\View\{closure}()
 4 SYSTEMPATH\Common.php(1137): CodeIgniter\View\View->render('inicio', [], true)
 5 APPPATH\Controllers\Inicio.php(10): view('inicio')
 6 SYSTEMPATH\CodeIgniter.php(904): App\Controllers\Inicio->index()
 7 SYSTEMPATH\CodeIgniter.php(457): CodeIgniter\CodeIgniter->runController(Object(App\Controllers\Inicio))
 8 SYSTEMPATH\CodeIgniter.php(340): CodeIgniter\CodeIgniter->handleRequest(null, Object(Config\Cache), false)
 9 FCPATH\index.php(67): CodeIgniter\CodeIgniter->run()
CRITICAL - 2022-10-20 20:16:11 --> Call to undefined function set_value()
in APPPATH\Views\inicio.php on line 83.
 1 SYSTEMPATH\View\View.php(213): include()
 2 SYSTEMPATH\View\View.php(216): CodeIgniter\View\View->CodeIgniter\View\{closure}()
 3 SYSTEMPATH\Common.php(1137): CodeIgniter\View\View->render('inicio', [], true)
 4 APPPATH\Controllers\Inicio.php(10): view('inicio')
 5 SYSTEMPATH\CodeIgniter.php(904): App\Controllers\Inicio->index()
 6 SYSTEMPATH\CodeIgniter.php(457): CodeIgniter\CodeIgniter->runController(Object(App\Controllers\Inicio))
 7 SYSTEMPATH\CodeIgniter.php(340): CodeIgniter\CodeIgniter->handleRequest(null, Object(Config\Cache), false)
 8 FCPATH\index.php(67): CodeIgniter\CodeIgniter->run()
CRITICAL - 2022-10-20 20:45:41 --> syntax error, unexpected '}'
in APPPATH\Controllers\Inicio.php on line 56.
 1 SYSTEMPATH\Autoloader\Autoloader.php(259): CodeIgniter\Autoloader\Autoloader->includeFile('APPPATH\\Controllers\\Inicio.php')
 2 SYSTEMPATH\Autoloader\Autoloader.php(237): CodeIgniter\Autoloader\Autoloader->loadInNamespace('App\\Controllers\\Inicio')
 3 [internal function]: CodeIgniter\Autoloader\Autoloader->loadClass('App\\Controllers\\Inicio')
 4 [internal function]: spl_autoload_call('App\\Controllers\\Inicio')
 5 SYSTEMPATH\CodeIgniter.php(854): class_exists('\\App\\Controllers\\Inicio', true)
 6 SYSTEMPATH\CodeIgniter.php(444): CodeIgniter\CodeIgniter->startController()
 7 SYSTEMPATH\CodeIgniter.php(340): CodeIgniter\CodeIgniter->handleRequest(null, Object(Config\Cache), false)
 8 FCPATH\index.php(67): CodeIgniter\CodeIgniter->run()
CRITICAL - 2022-10-20 20:46:47 --> syntax error, unexpected ','
in APPPATH\Controllers\Inicio.php on line 55.
 1 SYSTEMPATH\Autoloader\Autoloader.php(259): CodeIgniter\Autoloader\Autoloader->includeFile('APPPATH\\Controllers\\Inicio.php')
 2 SYSTEMPATH\Autoloader\Autoloader.php(237): CodeIgniter\Autoloader\Autoloader->loadInNamespace('App\\Controllers\\Inicio')
 3 [internal function]: CodeIgniter\Autoloader\Autoloader->loadClass('App\\Controllers\\Inicio')
 4 [internal function]: spl_autoload_call('App\\Controllers\\Inicio')
 5 SYSTEMPATH\CodeIgniter.php(854): class_exists('\\App\\Controllers\\Inicio', true)
 6 SYSTEMPATH\CodeIgniter.php(444): CodeIgniter\CodeIgniter->startController()
 7 SYSTEMPATH\CodeIgniter.php(340): CodeIgniter\CodeIgniter->handleRequest(null, Object(Config\Cache), false)
 8 FCPATH\index.php(67): CodeIgniter\CodeIgniter->run()
CRITICAL - 2022-10-20 20:46:53 --> syntax error, unexpected '}'
in APPPATH\Controllers\Inicio.php on line 56.
 1 SYSTEMPATH\Autoloader\Autoloader.php(259): CodeIgniter\Autoloader\Autoloader->includeFile('APPPATH\\Controllers\\Inicio.php')
 2 SYSTEMPATH\Autoloader\Autoloader.php(237): CodeIgniter\Autoloader\Autoloader->loadInNamespace('App\\Controllers\\Inicio')
 3 [internal function]: CodeIgniter\Autoloader\Autoloader->loadClass('App\\Controllers\\Inicio')
 4 [internal function]: spl_autoload_call('App\\Controllers\\Inicio')
 5 SYSTEMPATH\CodeIgniter.php(854): class_exists('\\App\\Controllers\\Inicio', true)
 6 SYSTEMPATH\CodeIgniter.php(444): CodeIgniter\CodeIgniter->startController()
 7 SYSTEMPATH\CodeIgniter.php(340): CodeIgniter\CodeIgniter->handleRequest(null, Object(Config\Cache), false)
 8 FCPATH\index.php(67): CodeIgniter\CodeIgniter->run()
CRITICAL - 2022-10-20 20:47:03 --> syntax error, unexpected 'public' (T_PUBLIC)
in APPPATH\Controllers\Inicio.php on line 59.
 1 SYSTEMPATH\Autoloader\Autoloader.php(259): CodeIgniter\Autoloader\Autoloader->includeFile('APPPATH\\Controllers\\Inicio.php')
 2 SYSTEMPATH\Autoloader\Autoloader.php(237): CodeIgniter\Autoloader\Autoloader->loadInNamespace('App\\Controllers\\Inicio')
 3 [internal function]: CodeIgniter\Autoloader\Autoloader->loadClass('App\\Controllers\\Inicio')
 4 [internal function]: spl_autoload_call('App\\Controllers\\Inicio')
 5 SYSTEMPATH\CodeIgniter.php(854): class_exists('\\App\\Controllers\\Inicio', true)
 6 SYSTEMPATH\CodeIgniter.php(444): CodeIgniter\CodeIgniter->startController()
 7 SYSTEMPATH\CodeIgniter.php(340): CodeIgniter\CodeIgniter->handleRequest(null, Object(Config\Cache), false)
 8 FCPATH\index.php(67): CodeIgniter\CodeIgniter->run()
CRITICAL - 2022-10-20 20:47:39 --> syntax error, unexpected '}'
in APPPATH\Controllers\Inicio.php on line 55.
 1 SYSTEMPATH\Autoloader\Autoloader.php(259): CodeIgniter\Autoloader\Autoloader->includeFile('APPPATH\\Controllers\\Inicio.php')
 2 SYSTEMPATH\Autoloader\Autoloader.php(237): CodeIgniter\Autoloader\Autoloader->loadInNamespace('App\\Controllers\\Inicio')
 3 [internal function]: CodeIgniter\Autoloader\Autoloader->loadClass('App\\Controllers\\Inicio')
 4 [internal function]: spl_autoload_call('App\\Controllers\\Inicio')
 5 SYSTEMPATH\CodeIgniter.php(854): class_exists('\\App\\Controllers\\Inicio', true)
 6 SYSTEMPATH\CodeIgniter.php(444): CodeIgniter\CodeIgniter->startController()
 7 SYSTEMPATH\CodeIgniter.php(340): CodeIgniter\CodeIgniter->handleRequest(null, Object(Config\Cache), false)
 8 FCPATH\index.php(67): CodeIgniter\CodeIgniter->run()
CRITICAL - 2022-10-20 20:47:50 --> syntax error, unexpected '}'
in APPPATH\Controllers\Inicio.php on line 55.
 1 SYSTEMPATH\Autoloader\Autoloader.php(259): CodeIgniter\Autoloader\Autoloader->includeFile('APPPATH\\Controllers\\Inicio.php')
 2 SYSTEMPATH\Autoloader\Autoloader.php(237): CodeIgniter\Autoloader\Autoloader->loadInNamespace('App\\Controllers\\Inicio')
 3 [internal function]: CodeIgniter\Autoloader\Autoloader->loadClass('App\\Controllers\\Inicio')
 4 [internal function]: spl_autoload_call('App\\Controllers\\Inicio')
 5 SYSTEMPATH\CodeIgniter.php(854): class_exists('\\App\\Controllers\\Inicio', true)
 6 SYSTEMPATH\CodeIgniter.php(444): CodeIgniter\CodeIgniter->startController()
 7 SYSTEMPATH\CodeIgniter.php(340): CodeIgniter\CodeIgniter->handleRequest(null, Object(Config\Cache), false)
 8 FCPATH\index.php(67): CodeIgniter\CodeIgniter->run()
CRITICAL - 2022-10-20 20:49:32 --> syntax error, unexpected '}'
in APPPATH\Controllers\Inicio.php on line 55.
 1 SYSTEMPATH\Autoloader\Autoloader.php(259): CodeIgniter\Autoloader\Autoloader->includeFile('APPPATH\\Controllers\\Inicio.php')
 2 SYSTEMPATH\Autoloader\Autoloader.php(237): CodeIgniter\Autoloader\Autoloader->loadInNamespace('App\\Controllers\\Inicio')
 3 [internal function]: CodeIgniter\Autoloader\Autoloader->loadClass('App\\Controllers\\Inicio')
 4 [internal function]: spl_autoload_call('App\\Controllers\\Inicio')
 5 SYSTEMPATH\CodeIgniter.php(854): class_exists('\\App\\Controllers\\Inicio', true)
 6 SYSTEMPATH\CodeIgniter.php(444): CodeIgniter\CodeIgniter->startController()
 7 SYSTEMPATH\CodeIgniter.php(340): CodeIgniter\CodeIgniter->handleRequest(null, Object(Config\Cache), false)
 8 FCPATH\index.php(67): CodeIgniter\CodeIgniter->run()
CRITICAL - 2022-10-20 20:50:27 --> syntax error, unexpected 'public' (T_PUBLIC)
in APPPATH\Controllers\Inicio.php on line 58.
 1 SYSTEMPATH\Autoloader\Autoloader.php(259): CodeIgniter\Autoloader\Autoloader->includeFile('APPPATH\\Controllers\\Inicio.php')
 2 SYSTEMPATH\Autoloader\Autoloader.php(237): CodeIgniter\Autoloader\Autoloader->loadInNamespace('App\\Controllers\\Inicio')
 3 [internal function]: CodeIgniter\Autoloader\Autoloader->loadClass('App\\Controllers\\Inicio')
 4 [internal function]: spl_autoload_call('App\\Controllers\\Inicio')
 5 SYSTEMPATH\CodeIgniter.php(854): class_exists('\\App\\Controllers\\Inicio', true)
 6 SYSTEMPATH\CodeIgniter.php(444): CodeIgniter\CodeIgniter->startController()
 7 SYSTEMPATH\CodeIgniter.php(340): CodeIgniter\CodeIgniter->handleRequest(null, Object(Config\Cache), false)
 8 FCPATH\index.php(67): CodeIgniter\CodeIgniter->run()
CRITICAL - 2022-10-20 20:50:28 --> syntax error, unexpected 'public' (T_PUBLIC)
in APPPATH\Controllers\Inicio.php on line 58.
 1 SYSTEMPATH\Autoloader\Autoloader.php(259): CodeIgniter\Autoloader\Autoloader->includeFile('APPPATH\\Controllers\\Inicio.php')
 2 SYSTEMPATH\Autoloader\Autoloader.php(237): CodeIgniter\Autoloader\Autoloader->loadInNamespace('App\\Controllers\\Inicio')
 3 [internal function]: CodeIgniter\Autoloader\Autoloader->loadClass('App\\Controllers\\Inicio')
 4 [internal function]: spl_autoload_call('App\\Controllers\\Inicio')
 5 SYSTEMPATH\CodeIgniter.php(854): class_exists('\\App\\Controllers\\Inicio', true)
 6 SYSTEMPATH\CodeIgniter.php(444): CodeIgniter\CodeIgniter->startController()
 7 SYSTEMPATH\CodeIgniter.php(340): CodeIgniter\CodeIgniter->handleRequest(null, Object(Config\Cache), false)
 8 FCPATH\index.php(67): CodeIgniter\CodeIgniter->run()
CRITICAL - 2022-10-20 20:50:29 --> syntax error, unexpected 'public' (T_PUBLIC)
in APPPATH\Controllers\Inicio.php on line 58.
 1 SYSTEMPATH\Autoloader\Autoloader.php(259): CodeIgniter\Autoloader\Autoloader->includeFile('APPPATH\\Controllers\\Inicio.php')
 2 SYSTEMPATH\Autoloader\Autoloader.php(237): CodeIgniter\Autoloader\Autoloader->loadInNamespace('App\\Controllers\\Inicio')
 3 [internal function]: CodeIgniter\Autoloader\Autoloader->loadClass('App\\Controllers\\Inicio')
 4 [internal function]: spl_autoload_call('App\\Controllers\\Inicio')
 5 SYSTEMPATH\CodeIgniter.php(854): class_exists('\\App\\Controllers\\Inicio', true)
 6 SYSTEMPATH\CodeIgniter.php(444): CodeIgniter\CodeIgniter->startController()
 7 SYSTEMPATH\CodeIgniter.php(340): CodeIgniter\CodeIgniter->handleRequest(null, Object(Config\Cache), false)
 8 FCPATH\index.php(67): CodeIgniter\CodeIgniter->run()
CRITICAL - 2022-10-20 20:50:29 --> syntax error, unexpected 'public' (T_PUBLIC)
in APPPATH\Controllers\Inicio.php on line 58.
 1 SYSTEMPATH\Autoloader\Autoloader.php(259): CodeIgniter\Autoloader\Autoloader->includeFile('APPPATH\\Controllers\\Inicio.php')
 2 SYSTEMPATH\Autoloader\Autoloader.php(237): CodeIgniter\Autoloader\Autoloader->loadInNamespace('App\\Controllers\\Inicio')
 3 [internal function]: CodeIgniter\Autoloader\Autoloader->loadClass('App\\Controllers\\Inicio')
 4 [internal function]: spl_autoload_call('App\\Controllers\\Inicio')
 5 SYSTEMPATH\CodeIgniter.php(854): class_exists('\\App\\Controllers\\Inicio', true)
 6 SYSTEMPATH\CodeIgniter.php(444): CodeIgniter\CodeIgniter->startController()
 7 SYSTEMPATH\CodeIgniter.php(340): CodeIgniter\CodeIgniter->handleRequest(null, Object(Config\Cache), false)
 8 FCPATH\index.php(67): CodeIgniter\CodeIgniter->run()
CRITICAL - 2022-10-20 20:50:29 --> syntax error, unexpected 'public' (T_PUBLIC)
in APPPATH\Controllers\Inicio.php on line 58.
 1 SYSTEMPATH\Autoloader\Autoloader.php(259): CodeIgniter\Autoloader\Autoloader->includeFile('APPPATH\\Controllers\\Inicio.php')
 2 SYSTEMPATH\Autoloader\Autoloader.php(237): CodeIgniter\Autoloader\Autoloader->loadInNamespace('App\\Controllers\\Inicio')
 3 [internal function]: CodeIgniter\Autoloader\Autoloader->loadClass('App\\Controllers\\Inicio')
 4 [internal function]: spl_autoload_call('App\\Controllers\\Inicio')
 5 SYSTEMPATH\CodeIgniter.php(854): class_exists('\\App\\Controllers\\Inicio', true)
 6 SYSTEMPATH\CodeIgniter.php(444): CodeIgniter\CodeIgniter->startController()
 7 SYSTEMPATH\CodeIgniter.php(340): CodeIgniter\CodeIgniter->handleRequest(null, Object(Config\Cache), false)
 8 FCPATH\index.php(67): CodeIgniter\CodeIgniter->run()
CRITICAL - 2022-10-20 20:50:39 --> syntax error, unexpected '}'
in APPPATH\Controllers\Inicio.php on line 56.
 1 SYSTEMPATH\Autoloader\Autoloader.php(259): CodeIgniter\Autoloader\Autoloader->includeFile('APPPATH\\Controllers\\Inicio.php')
 2 SYSTEMPATH\Autoloader\Autoloader.php(237): CodeIgniter\Autoloader\Autoloader->loadInNamespace('App\\Controllers\\Inicio')
 3 [internal function]: CodeIgniter\Autoloader\Autoloader->loadClass('App\\Controllers\\Inicio')
 4 [internal function]: spl_autoload_call('App\\Controllers\\Inicio')
 5 SYSTEMPATH\CodeIgniter.php(854): class_exists('\\App\\Controllers\\Inicio', true)
 6 SYSTEMPATH\CodeIgniter.php(444): CodeIgniter\CodeIgniter->startController()
 7 SYSTEMPATH\CodeIgniter.php(340): CodeIgniter\CodeIgniter->handleRequest(null, Object(Config\Cache), false)
 8 FCPATH\index.php(67): CodeIgniter\CodeIgniter->run()
CRITICAL - 2022-10-20 20:50:49 --> syntax error, unexpected '}'
in APPPATH\Controllers\Inicio.php on line 56.
 1 SYSTEMPATH\Autoloader\Autoloader.php(259): CodeIgniter\Autoloader\Autoloader->includeFile('APPPATH\\Controllers\\Inicio.php')
 2 SYSTEMPATH\Autoloader\Autoloader.php(237): CodeIgniter\Autoloader\Autoloader->loadInNamespace('App\\Controllers\\Inicio')
 3 [internal function]: CodeIgniter\Autoloader\Autoloader->loadClass('App\\Controllers\\Inicio')
 4 [internal function]: spl_autoload_call('App\\Controllers\\Inicio')
 5 SYSTEMPATH\CodeIgniter.php(854): class_exists('\\App\\Controllers\\Inicio', true)
 6 SYSTEMPATH\CodeIgniter.php(444): CodeIgniter\CodeIgniter->startController()
 7 SYSTEMPATH\CodeIgniter.php(340): CodeIgniter\CodeIgniter->handleRequest(null, Object(Config\Cache), false)
 8 FCPATH\index.php(67): CodeIgniter\CodeIgniter->run()
CRITICAL - 2022-10-20 20:51:00 --> syntax error, unexpected '}'
in APPPATH\Controllers\Inicio.php on line 56.
 1 SYSTEMPATH\Autoloader\Autoloader.php(259): CodeIgniter\Autoloader\Autoloader->includeFile('APPPATH\\Controllers\\Inicio.php')
 2 SYSTEMPATH\Autoloader\Autoloader.php(237): CodeIgniter\Autoloader\Autoloader->loadInNamespace('App\\Controllers\\Inicio')
 3 [internal function]: CodeIgniter\Autoloader\Autoloader->loadClass('App\\Controllers\\Inicio')
 4 [internal function]: spl_autoload_call('App\\Controllers\\Inicio')
 5 SYSTEMPATH\CodeIgniter.php(854): class_exists('\\App\\Controllers\\Inicio', true)
 6 SYSTEMPATH\CodeIgniter.php(444): CodeIgniter\CodeIgniter->startController()
 7 SYSTEMPATH\CodeIgniter.php(340): CodeIgniter\CodeIgniter->handleRequest(null, Object(Config\Cache), false)
 8 FCPATH\index.php(67): CodeIgniter\CodeIgniter->run()
CRITICAL - 2022-10-20 20:51:45 --> Class 'App\Controllers\ProductosModel' not found
in APPPATH\Controllers\Inicio.php on line 11.
 1 SYSTEMPATH\CodeIgniter.php(866): App\Controllers\Inicio->__construct()
 2 SYSTEMPATH\CodeIgniter.php(448): CodeIgniter\CodeIgniter->createController()
 3 SYSTEMPATH\CodeIgniter.php(340): CodeIgniter\CodeIgniter->handleRequest(null, Object(Config\Cache), false)
 4 FCPATH\index.php(67): CodeIgniter\CodeIgniter->run()
CRITICAL - 2022-10-20 20:51:46 --> Class 'App\Controllers\ProductosModel' not found
in APPPATH\Controllers\Inicio.php on line 11.
 1 SYSTEMPATH\CodeIgniter.php(866): App\Controllers\Inicio->__construct()
 2 SYSTEMPATH\CodeIgniter.php(448): CodeIgniter\CodeIgniter->createController()
 3 SYSTEMPATH\CodeIgniter.php(340): CodeIgniter\CodeIgniter->handleRequest(null, Object(Config\Cache), false)
 4 FCPATH\index.php(67): CodeIgniter\CodeIgniter->run()
CRITICAL - 2022-10-20 20:51:46 --> Class 'App\Controllers\ProductosModel' not found
in APPPATH\Controllers\Inicio.php on line 11.
 1 SYSTEMPATH\CodeIgniter.php(866): App\Controllers\Inicio->__construct()
 2 SYSTEMPATH\CodeIgniter.php(448): CodeIgniter\CodeIgniter->createController()
 3 SYSTEMPATH\CodeIgniter.php(340): CodeIgniter\CodeIgniter->handleRequest(null, Object(Config\Cache), false)
 4 FCPATH\index.php(67): CodeIgniter\CodeIgniter->run()
CRITICAL - 2022-10-20 20:51:46 --> Class 'App\Controllers\ProductosModel' not found
in APPPATH\Controllers\Inicio.php on line 11.
 1 SYSTEMPATH\CodeIgniter.php(866): App\Controllers\Inicio->__construct()
 2 SYSTEMPATH\CodeIgniter.php(448): CodeIgniter\CodeIgniter->createController()
 3 SYSTEMPATH\CodeIgniter.php(340): CodeIgniter\CodeIgniter->handleRequest(null, Object(Config\Cache), false)
 4 FCPATH\index.php(67): CodeIgniter\CodeIgniter->run()
CRITICAL - 2022-10-20 20:51:46 --> Class 'App\Controllers\ProductosModel' not found
in APPPATH\Controllers\Inicio.php on line 11.
 1 SYSTEMPATH\CodeIgniter.php(866): App\Controllers\Inicio->__construct()
 2 SYSTEMPATH\CodeIgniter.php(448): CodeIgniter\CodeIgniter->createController()
 3 SYSTEMPATH\CodeIgniter.php(340): CodeIgniter\CodeIgniter->handleRequest(null, Object(Config\Cache), false)
 4 FCPATH\index.php(67): CodeIgniter\CodeIgniter->run()
CRITICAL - 2022-10-20 20:52:35 --> Cannot redeclare App\Controllers\Inicio::__construct()
in APPPATH\Controllers\Inicio.php on line 58.
 1 [internal function]: CodeIgniter\Debug\Exceptions->shutdownHandler()
CRITICAL - 2022-10-20 20:52:56 --> Class 'App\Controllers\ProductosModel' not found
in APPPATH\Controllers\Inicio.php on line 10.
 1 SYSTEMPATH\CodeIgniter.php(866): App\Controllers\Inicio->__construct()
 2 SYSTEMPATH\CodeIgniter.php(448): CodeIgniter\CodeIgniter->createController()
 3 SYSTEMPATH\CodeIgniter.php(340): CodeIgniter\CodeIgniter->handleRequest(null, Object(Config\Cache), false)
 4 FCPATH\index.php(67): CodeIgniter\CodeIgniter->run()
CRITICAL - 2022-10-20 20:55:11 --> Class 'App\Controllers\ProductosModel' not found
in APPPATH\Controllers\Inicio.php on line 10.
 1 SYSTEMPATH\CodeIgniter.php(866): App\Controllers\Inicio->__construct()
 2 SYSTEMPATH\CodeIgniter.php(448): CodeIgniter\CodeIgniter->createController()
 3 SYSTEMPATH\CodeIgniter.php(340): CodeIgniter\CodeIgniter->handleRequest(null, Object(Config\Cache), false)
 4 FCPATH\index.php(67): CodeIgniter\CodeIgniter->run()
CRITICAL - 2022-10-20 20:55:35 --> syntax error, unexpected end of file, expecting function (T_FUNCTION) or const (T_CONST)
in APPPATH\Models\ProductosModel.php on line 35.
 1 SYSTEMPATH\Autoloader\Autoloader.php(259): CodeIgniter\Autoloader\Autoloader->includeFile('APPPATH\\Models\\ProductosModel.php')
 2 SYSTEMPATH\Autoloader\Autoloader.php(237): CodeIgniter\Autoloader\Autoloader->loadInNamespace('App\\Models\\ProductosModel')
 3 [internal function]: CodeIgniter\Autoloader\Autoloader->loadClass('App\\Models\\ProductosModel')
 4 APPPATH\Controllers\Inicio.php(12): spl_autoload_call('App\\Models\\ProductosModel')
 5 SYSTEMPATH\CodeIgniter.php(866): App\Controllers\Inicio->__construct()
 6 SYSTEMPATH\CodeIgniter.php(448): CodeIgniter\CodeIgniter->createController()
 7 SYSTEMPATH\CodeIgniter.php(340): CodeIgniter\CodeIgniter->handleRequest(null, Object(Config\Cache), false)
 8 FCPATH\index.php(67): CodeIgniter\CodeIgniter->run()
CRITICAL - 2022-10-20 21:24:53 --> Call to a member function insert() on null
in APPPATH\Models\ProductosModel.php on line 30.
 1 APPPATH\Controllers\Inicio.php(78): App\Models\ProductosModel->insertar([...])
 2 SYSTEMPATH\CodeIgniter.php(904): App\Controllers\Inicio->Agregar()
 3 SYSTEMPATH\CodeIgniter.php(457): CodeIgniter\CodeIgniter->runController(Object(App\Controllers\Inicio))
 4 SYSTEMPATH\CodeIgniter.php(340): CodeIgniter\CodeIgniter->handleRequest(null, Object(Config\Cache), false)
 5 FCPATH\index.php(67): CodeIgniter\CodeIgniter->run()
CRITICAL - 2022-10-20 21:27:05 --> Call to a member function insert() on null
in APPPATH\Models\ProductosModel.php on line 30.
 1 APPPATH\Controllers\Inicio.php(78): App\Models\ProductosModel->insertar([...])
 2 SYSTEMPATH\CodeIgniter.php(904): App\Controllers\Inicio->Agregar()
 3 SYSTEMPATH\CodeIgniter.php(457): CodeIgniter\CodeIgniter->runController(Object(App\Controllers\Inicio))
 4 SYSTEMPATH\CodeIgniter.php(340): CodeIgniter\CodeIgniter->handleRequest(null, Object(Config\Cache), false)
 5 FCPATH\index.php(67): CodeIgniter\CodeIgniter->run()
CRITICAL - 2022-10-20 21:51:04 --> Call to a member function where() on null
in APPPATH\Models\ProductosModel.php on line 30.
 1 APPPATH\Controllers\Inicio.php(70): App\Models\ProductosModel->ListarProductos()
 2 APPPATH\Controllers\Inicio.php(97): App\Controllers\Inicio->index([...])
 3 SYSTEMPATH\CodeIgniter.php(904): App\Controllers\Inicio->Agregar()
 4 SYSTEMPATH\CodeIgniter.php(457): CodeIgniter\CodeIgniter->runController(Object(App\Controllers\Inicio))
 5 SYSTEMPATH\CodeIgniter.php(340): CodeIgniter\CodeIgniter->handleRequest(null, Object(Config\Cache), false)
 6 FCPATH\index.php(67): CodeIgniter\CodeIgniter->run()
CRITICAL - 2022-10-20 21:51:29 --> Call to a member function where() on null
in APPPATH\Models\ProductosModel.php on line 30.
 1 APPPATH\Controllers\Inicio.php(70): App\Models\ProductosModel->ListarProductos()
 2 APPPATH\Controllers\Inicio.php(97): App\Controllers\Inicio->index([...])
 3 SYSTEMPATH\CodeIgniter.php(904): App\Controllers\Inicio->Agregar()
 4 SYSTEMPATH\CodeIgniter.php(457): CodeIgniter\CodeIgniter->runController(Object(App\Controllers\Inicio))
 5 SYSTEMPATH\CodeIgniter.php(340): CodeIgniter\CodeIgniter->handleRequest(null, Object(Config\Cache), false)
 6 FCPATH\index.php(67): CodeIgniter\CodeIgniter->run()
CRITICAL - 2022-10-20 21:52:11 --> Call to a member function where() on null
in APPPATH\Models\ProductosModel.php on line 31.
 1 APPPATH\Controllers\Inicio.php(70): App\Models\ProductosModel->ListarProductos()
 2 APPPATH\Controllers\Inicio.php(97): App\Controllers\Inicio->index([...])
 3 SYSTEMPATH\CodeIgniter.php(904): App\Controllers\Inicio->Agregar()
 4 SYSTEMPATH\CodeIgniter.php(457): CodeIgniter\CodeIgniter->runController(Object(App\Controllers\Inicio))
 5 SYSTEMPATH\CodeIgniter.php(340): CodeIgniter\CodeIgniter->handleRequest(null, Object(Config\Cache), false)
 6 FCPATH\index.php(67): CodeIgniter\CodeIgniter->run()
CRITICAL - 2022-10-20 21:52:43 --> Call to a member function where() on null
in APPPATH\Models\ProductosModel.php on line 31.
 1 APPPATH\Controllers\Inicio.php(70): App\Models\ProductosModel->ListarProductos()
 2 APPPATH\Controllers\Inicio.php(97): App\Controllers\Inicio->index([...])
 3 SYSTEMPATH\CodeIgniter.php(904): App\Controllers\Inicio->Agregar()
 4 SYSTEMPATH\CodeIgniter.php(457): CodeIgniter\CodeIgniter->runController(Object(App\Controllers\Inicio))
 5 SYSTEMPATH\CodeIgniter.php(340): CodeIgniter\CodeIgniter->handleRequest(null, Object(Config\Cache), false)
 6 FCPATH\index.php(67): CodeIgniter\CodeIgniter->run()
CRITICAL - 2022-10-20 21:56:34 --> syntax error, unexpected end of file
in APPPATH\Views\inicio.php on line 130.
 1 SYSTEMPATH\View\View.php(216): CodeIgniter\View\View->CodeIgniter\View\{closure}()
 2 SYSTEMPATH\Common.php(1137): CodeIgniter\View\View->render('inicio', [], true)
 3 APPPATH\Controllers\Inicio.php(75): view('inicio', [...])
 4 APPPATH\Controllers\Inicio.php(97): App\Controllers\Inicio->index([...])
 5 SYSTEMPATH\CodeIgniter.php(904): App\Controllers\Inicio->Agregar()
 6 SYSTEMPATH\CodeIgniter.php(457): CodeIgniter\CodeIgniter->runController(Object(App\Controllers\Inicio))
 7 SYSTEMPATH\CodeIgniter.php(340): CodeIgniter\CodeIgniter->handleRequest(null, Object(Config\Cache), false)
 8 FCPATH\index.php(67): CodeIgniter\CodeIgniter->run()
CRITICAL - 2022-10-20 21:57:07 --> Invalid argument supplied for foreach()
in APPPATH\Views\inicio.php on line 57.
 1 APPPATH\Views\inicio.php(57): CodeIgniter\Debug\Exceptions->errorHandler(2, 'Invalid argument supplied for foreach()', 'APPPATH\\Views\\inicio.php', 57, [...])
 2 SYSTEMPATH\View\View.php(213): include('APPPATH\\Views\\inicio.php')
 3 SYSTEMPATH\View\View.php(216): CodeIgniter\View\View->CodeIgniter\View\{closure}()
 4 SYSTEMPATH\Common.php(1137): CodeIgniter\View\View->render('inicio', [], true)
 5 APPPATH\Controllers\Inicio.php(75): view('inicio', [...])
 6 APPPATH\Controllers\Inicio.php(97): App\Controllers\Inicio->index([...])
 7 SYSTEMPATH\CodeIgniter.php(904): App\Controllers\Inicio->Agregar()
 8 SYSTEMPATH\CodeIgniter.php(457): CodeIgniter\CodeIgniter->runController(Object(App\Controllers\Inicio))
 9 SYSTEMPATH\CodeIgniter.php(340): CodeIgniter\CodeIgniter->handleRequest(null, Object(Config\Cache), false)
10 FCPATH\index.php(67): CodeIgniter\CodeIgniter->run()
CRITICAL - 2022-10-20 21:57:54 --> Undefined variable: data
in APPPATH\Views\inicio.php on line 57.
 1 APPPATH\Views\inicio.php(57): CodeIgniter\Debug\Exceptions->errorHandler(8, 'Undefined variable: data', 'APPPATH\\Views\\inicio.php', 57, [...])
 2 SYSTEMPATH\View\View.php(213): include('APPPATH\\Views\\inicio.php')
 3 SYSTEMPATH\View\View.php(216): CodeIgniter\View\View->CodeIgniter\View\{closure}()
 4 SYSTEMPATH\Common.php(1137): CodeIgniter\View\View->render('inicio', [], true)
 5 APPPATH\Controllers\Inicio.php(75): view('inicio', [...])
 6 APPPATH\Controllers\Inicio.php(97): App\Controllers\Inicio->index([...])
 7 SYSTEMPATH\CodeIgniter.php(904): App\Controllers\Inicio->Agregar()
 8 SYSTEMPATH\CodeIgniter.php(457): CodeIgniter\CodeIgniter->runController(Object(App\Controllers\Inicio))
 9 SYSTEMPATH\CodeIgniter.php(340): CodeIgniter\CodeIgniter->handleRequest(null, Object(Config\Cache), false)
10 FCPATH\index.php(67): CodeIgniter\CodeIgniter->run()
CRITICAL - 2022-10-20 21:58:15 --> Invalid argument supplied for foreach()
in APPPATH\Views\inicio.php on line 57.
 1 APPPATH\Views\inicio.php(57): CodeIgniter\Debug\Exceptions->errorHandler(2, 'Invalid argument supplied for foreach()', 'APPPATH\\Views\\inicio.php', 57, [...])
 2 SYSTEMPATH\View\View.php(213): include('APPPATH\\Views\\inicio.php')
 3 SYSTEMPATH\View\View.php(216): CodeIgniter\View\View->CodeIgniter\View\{closure}()
 4 SYSTEMPATH\Common.php(1137): CodeIgniter\View\View->render('inicio', [], true)
 5 APPPATH\Controllers\Inicio.php(75): view('inicio', [...])
 6 APPPATH\Controllers\Inicio.php(97): App\Controllers\Inicio->index([...])
 7 SYSTEMPATH\CodeIgniter.php(904): App\Controllers\Inicio->Agregar()
 8 SYSTEMPATH\CodeIgniter.php(457): CodeIgniter\CodeIgniter->runController(Object(App\Controllers\Inicio))
 9 SYSTEMPATH\CodeIgniter.php(340): CodeIgniter\CodeIgniter->handleRequest(null, Object(Config\Cache), false)
10 FCPATH\index.php(67): CodeIgniter\CodeIgniter->run()
CRITICAL - 2022-10-20 21:58:28 --> Use of undefined constant listarProductos - assumed 'listarProductos' (this will throw an Error in a future version of PHP)
in APPPATH\Views\inicio.php on line 57.
 1 APPPATH\Views\inicio.php(57): CodeIgniter\Debug\Exceptions->errorHandler(2, 'Use of undefined constant listarProductos - assumed \'listarProductos\' (this will throw an Error in a future version of PHP)', 'APPPATH\\Views\\inicio.php', 57, [...])
 2 SYSTEMPATH\View\View.php(213): include('APPPATH\\Views\\inicio.php')
 3 SYSTEMPATH\View\View.php(216): CodeIgniter\View\View->CodeIgniter\View\{closure}()
 4 SYSTEMPATH\Common.php(1137): CodeIgniter\View\View->render('inicio', [], true)
 5 APPPATH\Controllers\Inicio.php(75): view('inicio', [...])
 6 APPPATH\Controllers\Inicio.php(97): App\Controllers\Inicio->index([...])
 7 SYSTEMPATH\CodeIgniter.php(904): App\Controllers\Inicio->Agregar()
 8 SYSTEMPATH\CodeIgniter.php(457): CodeIgniter\CodeIgniter->runController(Object(App\Controllers\Inicio))
 9 SYSTEMPATH\CodeIgniter.php(340): CodeIgniter\CodeIgniter->handleRequest(null, Object(Config\Cache), false)
10 FCPATH\index.php(67): CodeIgniter\CodeIgniter->run()
CRITICAL - 2022-10-20 21:58:56 --> Use of undefined constant listarProductos - assumed 'listarProductos' (this will throw an Error in a future version of PHP)
in APPPATH\Views\inicio.php on line 57.
 1 APPPATH\Views\inicio.php(57): CodeIgniter\Debug\Exceptions->errorHandler(2, 'Use of undefined constant listarProductos - assumed \'listarProductos\' (this will throw an Error in a future version of PHP)', 'APPPATH\\Views\\inicio.php', 57, [...])
 2 SYSTEMPATH\View\View.php(213): include('APPPATH\\Views\\inicio.php')
 3 SYSTEMPATH\View\View.php(216): CodeIgniter\View\View->CodeIgniter\View\{closure}()
 4 SYSTEMPATH\Common.php(1137): CodeIgniter\View\View->render('inicio', [], true)
 5 APPPATH\Controllers\Inicio.php(75): view('inicio', [...])
 6 APPPATH\Controllers\Inicio.php(97): App\Controllers\Inicio->index([...])
 7 SYSTEMPATH\CodeIgniter.php(904): App\Controllers\Inicio->Agregar()
 8 SYSTEMPATH\CodeIgniter.php(457): CodeIgniter\CodeIgniter->runController(Object(App\Controllers\Inicio))
 9 SYSTEMPATH\CodeIgniter.php(340): CodeIgniter\CodeIgniter->handleRequest(null, Object(Config\Cache), false)
10 FCPATH\index.php(67): CodeIgniter\CodeIgniter->run()
CRITICAL - 2022-10-20 21:59:02 --> Use of undefined constant listarProductos - assumed 'listarProductos' (this will throw an Error in a future version of PHP)
in APPPATH\Views\inicio.php on line 57.
 1 APPPATH\Views\inicio.php(57): CodeIgniter\Debug\Exceptions->errorHandler(2, 'Use of undefined constant listarProductos - assumed \'listarProductos\' (this will throw an Error in a future version of PHP)', 'APPPATH\\Views\\inicio.php', 57, [...])
 2 SYSTEMPATH\View\View.php(213): include('APPPATH\\Views\\inicio.php')
 3 SYSTEMPATH\View\View.php(216): CodeIgniter\View\View->CodeIgniter\View\{closure}()
 4 SYSTEMPATH\Common.php(1137): CodeIgniter\View\View->render('inicio', [], true)
 5 APPPATH\Controllers\Inicio.php(75): view('inicio', [...])
 6 SYSTEMPATH\CodeIgniter.php(904): App\Controllers\Inicio->index()
 7 SYSTEMPATH\CodeIgniter.php(457): CodeIgniter\CodeIgniter->runController(Object(App\Controllers\Inicio))
 8 SYSTEMPATH\CodeIgniter.php(340): CodeIgniter\CodeIgniter->handleRequest(null, Object(Config\Cache), false)
 9 FCPATH\index.php(67): CodeIgniter\CodeIgniter->run()
CRITICAL - 2022-10-20 21:59:17 --> Invalid argument supplied for foreach()
in APPPATH\Views\inicio.php on line 57.
 1 APPPATH\Views\inicio.php(57): CodeIgniter\Debug\Exceptions->errorHandler(2, 'Invalid argument supplied for foreach()', 'APPPATH\\Views\\inicio.php', 57, [...])
 2 SYSTEMPATH\View\View.php(213): include('APPPATH\\Views\\inicio.php')
 3 SYSTEMPATH\View\View.php(216): CodeIgniter\View\View->CodeIgniter\View\{closure}()
 4 SYSTEMPATH\Common.php(1137): CodeIgniter\View\View->render('inicio', [], true)
 5 APPPATH\Controllers\Inicio.php(75): view('inicio', [...])
 6 SYSTEMPATH\CodeIgniter.php(904): App\Controllers\Inicio->index()
 7 SYSTEMPATH\CodeIgniter.php(457): CodeIgniter\CodeIgniter->runController(Object(App\Controllers\Inicio))
 8 SYSTEMPATH\CodeIgniter.php(340): CodeIgniter\CodeIgniter->handleRequest(null, Object(Config\Cache), false)
 9 FCPATH\index.php(67): CodeIgniter\CodeIgniter->run()
CRITICAL - 2022-10-20 21:59:19 --> Invalid argument supplied for foreach()
in APPPATH\Views\inicio.php on line 57.
 1 APPPATH\Views\inicio.php(57): CodeIgniter\Debug\Exceptions->errorHandler(2, 'Invalid argument supplied for foreach()', 'APPPATH\\Views\\inicio.php', 57, [...])
 2 SYSTEMPATH\View\View.php(213): include('APPPATH\\Views\\inicio.php')
 3 SYSTEMPATH\View\View.php(216): CodeIgniter\View\View->CodeIgniter\View\{closure}()
 4 SYSTEMPATH\Common.php(1137): CodeIgniter\View\View->render('inicio', [], true)
 5 APPPATH\Controllers\Inicio.php(75): view('inicio', [...])
 6 SYSTEMPATH\CodeIgniter.php(904): App\Controllers\Inicio->index()
 7 SYSTEMPATH\CodeIgniter.php(457): CodeIgniter\CodeIgniter->runController(Object(App\Controllers\Inicio))
 8 SYSTEMPATH\CodeIgniter.php(340): CodeIgniter\CodeIgniter->handleRequest(null, Object(Config\Cache), false)
 9 FCPATH\index.php(67): CodeIgniter\CodeIgniter->run()
CRITICAL - 2022-10-20 22:00:55 --> Undefined variable: listarProductos
in APPPATH\Views\inicio.php on line 57.
 1 APPPATH\Views\inicio.php(57): CodeIgniter\Debug\Exceptions->errorHandler(8, 'Undefined variable: listarProductos', 'APPPATH\\Views\\inicio.php', 57, [])
 2 SYSTEMPATH\View\View.php(213): include('APPPATH\\Views\\inicio.php')
 3 SYSTEMPATH\View\View.php(216): CodeIgniter\View\View->CodeIgniter\View\{closure}()
 4 SYSTEMPATH\Common.php(1137): CodeIgniter\View\View->render('inicio', [], true)
 5 APPPATH\Controllers\Inicio.php(75): view('inicio', [...])
 6 SYSTEMPATH\CodeIgniter.php(904): App\Controllers\Inicio->index()
 7 SYSTEMPATH\CodeIgniter.php(457): CodeIgniter\CodeIgniter->runController(Object(App\Controllers\Inicio))
 8 SYSTEMPATH\CodeIgniter.php(340): CodeIgniter\CodeIgniter->handleRequest(null, Object(Config\Cache), false)
 9 FCPATH\index.php(67): CodeIgniter\CodeIgniter->run()
CRITICAL - 2022-10-20 22:01:21 --> Invalid argument supplied for foreach()
in APPPATH\Views\inicio.php on line 57.
 1 APPPATH\Views\inicio.php(57): CodeIgniter\Debug\Exceptions->errorHandler(2, 'Invalid argument supplied for foreach()', 'APPPATH\\Views\\inicio.php', 57, [...])
 2 SYSTEMPATH\View\View.php(213): include('APPPATH\\Views\\inicio.php')
 3 SYSTEMPATH\View\View.php(216): CodeIgniter\View\View->CodeIgniter\View\{closure}()
 4 SYSTEMPATH\Common.php(1137): CodeIgniter\View\View->render('inicio', [], true)
 5 APPPATH\Controllers\Inicio.php(75): view('inicio', [...])
 6 SYSTEMPATH\CodeIgniter.php(904): App\Controllers\Inicio->index()
 7 SYSTEMPATH\CodeIgniter.php(457): CodeIgniter\CodeIgniter->runController(Object(App\Controllers\Inicio))
 8 SYSTEMPATH\CodeIgniter.php(340): CodeIgniter\CodeIgniter->handleRequest(null, Object(Config\Cache), false)
 9 FCPATH\index.php(67): CodeIgniter\CodeIgniter->run()
CRITICAL - 2022-10-20 22:05:42 --> syntax error, unexpected '$listarProductos' (T_VARIABLE)
in APPPATH\Views\inicio.php on line 58.
 1 SYSTEMPATH\View\View.php(216): CodeIgniter\View\View->CodeIgniter\View\{closure}()
 2 SYSTEMPATH\Common.php(1137): CodeIgniter\View\View->render('inicio', [], true)
 3 APPPATH\Controllers\Inicio.php(75): view('inicio', [...])
 4 SYSTEMPATH\CodeIgniter.php(904): App\Controllers\Inicio->index()
 5 SYSTEMPATH\CodeIgniter.php(457): CodeIgniter\CodeIgniter->runController(Object(App\Controllers\Inicio))
 6 SYSTEMPATH\CodeIgniter.php(340): CodeIgniter\CodeIgniter->handleRequest(null, Object(Config\Cache), false)
 7 FCPATH\index.php(67): CodeIgniter\CodeIgniter->run()
CRITICAL - 2022-10-20 22:06:50 --> Invalid argument supplied for foreach()
in APPPATH\Views\inicio.php on line 58.
 1 APPPATH\Views\inicio.php(58): CodeIgniter\Debug\Exceptions->errorHandler(2, 'Invalid argument supplied for foreach()', 'APPPATH\\Views\\inicio.php', 58, [...])
 2 SYSTEMPATH\View\View.php(213): include('APPPATH\\Views\\inicio.php')
 3 SYSTEMPATH\View\View.php(216): CodeIgniter\View\View->CodeIgniter\View\{closure}()
 4 SYSTEMPATH\Common.php(1137): CodeIgniter\View\View->render('inicio', [], true)
 5 APPPATH\Controllers\Inicio.php(75): view('inicio', [...])
 6 SYSTEMPATH\CodeIgniter.php(904): App\Controllers\Inicio->index()
 7 SYSTEMPATH\CodeIgniter.php(457): CodeIgniter\CodeIgniter->runController(Object(App\Controllers\Inicio))
 8 SYSTEMPATH\CodeIgniter.php(340): CodeIgniter\CodeIgniter->handleRequest(null, Object(Config\Cache), false)
 9 FCPATH\index.php(67): CodeIgniter\CodeIgniter->run()
CRITICAL - 2022-10-20 22:08:02 --> Invalid argument supplied for foreach()
in APPPATH\Views\inicio.php on line 58.
 1 APPPATH\Views\inicio.php(58): CodeIgniter\Debug\Exceptions->errorHandler(2, 'Invalid argument supplied for foreach()', 'APPPATH\\Views\\inicio.php', 58, [...])
 2 SYSTEMPATH\View\View.php(213): include('APPPATH\\Views\\inicio.php')
 3 SYSTEMPATH\View\View.php(216): CodeIgniter\View\View->CodeIgniter\View\{closure}()
 4 SYSTEMPATH\Common.php(1137): CodeIgniter\View\View->render('inicio', [], true)
 5 APPPATH\Controllers\Inicio.php(75): view('inicio', [...])
 6 SYSTEMPATH\CodeIgniter.php(904): App\Controllers\Inicio->index()
 7 SYSTEMPATH\CodeIgniter.php(457): CodeIgniter\CodeIgniter->runController(Object(App\Controllers\Inicio))
 8 SYSTEMPATH\CodeIgniter.php(340): CodeIgniter\CodeIgniter->handleRequest(null, Object(Config\Cache), false)
 9 FCPATH\index.php(67): CodeIgniter\CodeIgniter->run()
CRITICAL - 2022-10-20 22:08:03 --> Invalid argument supplied for foreach()
in APPPATH\Views\inicio.php on line 58.
 1 APPPATH\Views\inicio.php(58): CodeIgniter\Debug\Exceptions->errorHandler(2, 'Invalid argument supplied for foreach()', 'APPPATH\\Views\\inicio.php', 58, [...])
 2 SYSTEMPATH\View\View.php(213): include('APPPATH\\Views\\inicio.php')
 3 SYSTEMPATH\View\View.php(216): CodeIgniter\View\View->CodeIgniter\View\{closure}()
 4 SYSTEMPATH\Common.php(1137): CodeIgniter\View\View->render('inicio', [], true)
 5 APPPATH\Controllers\Inicio.php(75): view('inicio', [...])
 6 SYSTEMPATH\CodeIgniter.php(904): App\Controllers\Inicio->index()
 7 SYSTEMPATH\CodeIgniter.php(457): CodeIgniter\CodeIgniter->runController(Object(App\Controllers\Inicio))
 8 SYSTEMPATH\CodeIgniter.php(340): CodeIgniter\CodeIgniter->handleRequest(null, Object(Config\Cache), false)
 9 FCPATH\index.php(67): CodeIgniter\CodeIgniter->run()
CRITICAL - 2022-10-20 22:08:45 --> Undefined variable: activo
in APPPATH\Controllers\Inicio.php on line 70.
 1 APPPATH\Controllers\Inicio.php(70): CodeIgniter\Debug\Exceptions->errorHandler(8, 'Undefined variable: activo', 'APPPATH\\Controllers\\Inicio.php', 70, [...])
 2 SYSTEMPATH\CodeIgniter.php(904): App\Controllers\Inicio->index()
 3 SYSTEMPATH\CodeIgniter.php(457): CodeIgniter\CodeIgniter->runController(Object(App\Controllers\Inicio))
 4 SYSTEMPATH\CodeIgniter.php(340): CodeIgniter\CodeIgniter->handleRequest(null, Object(Config\Cache), false)
 5 FCPATH\index.php(67): CodeIgniter\CodeIgniter->run()
CRITICAL - 2022-10-20 22:11:03 --> syntax error, unexpected ''listarProductos'' (T_CONSTANT_ENCAPSED_STRING), expecting ']'
in APPPATH\Controllers\Inicio.php on line 70.
 1 SYSTEMPATH\Autoloader\Autoloader.php(259): CodeIgniter\Autoloader\Autoloader->includeFile('APPPATH\\Controllers\\Inicio.php')
 2 SYSTEMPATH\Autoloader\Autoloader.php(237): CodeIgniter\Autoloader\Autoloader->loadInNamespace('App\\Controllers\\Inicio')
 3 [internal function]: CodeIgniter\Autoloader\Autoloader->loadClass('App\\Controllers\\Inicio')
 4 [internal function]: spl_autoload_call('App\\Controllers\\Inicio')
 5 SYSTEMPATH\CodeIgniter.php(854): class_exists('\\App\\Controllers\\Inicio', true)
 6 SYSTEMPATH\CodeIgniter.php(444): CodeIgniter\CodeIgniter->startController()
 7 SYSTEMPATH\CodeIgniter.php(340): CodeIgniter\CodeIgniter->handleRequest(null, Object(Config\Cache), false)
 8 FCPATH\index.php(67): CodeIgniter\CodeIgniter->run()
CRITICAL - 2022-10-20 22:11:10 --> Call to a member function listErrors() on array
in APPPATH\Views\inicio.php on line 39.
 1 SYSTEMPATH\View\View.php(213): include()
 2 SYSTEMPATH\View\View.php(216): CodeIgniter\View\View->CodeIgniter\View\{closure}()
 3 SYSTEMPATH\Common.php(1137): CodeIgniter\View\View->render('inicio', [], true)
 4 APPPATH\Controllers\Inicio.php(75): view('inicio', [...])
 5 APPPATH\Controllers\Inicio.php(97): App\Controllers\Inicio->index([...])
 6 SYSTEMPATH\CodeIgniter.php(904): App\Controllers\Inicio->Agregar()
 7 SYSTEMPATH\CodeIgniter.php(457): CodeIgniter\CodeIgniter->runController(Object(App\Controllers\Inicio))
 8 SYSTEMPATH\CodeIgniter.php(340): CodeIgniter\CodeIgniter->handleRequest(null, Object(Config\Cache), false)
 9 FCPATH\index.php(67): CodeIgniter\CodeIgniter->run()
CRITICAL - 2022-10-20 22:11:57 --> Undefined variable: data
in APPPATH\Views\inicio.php on line 39.
 1 APPPATH\Views\inicio.php(39): CodeIgniter\Debug\Exceptions->errorHandler(8, 'Undefined variable: data', 'APPPATH\\Views\\inicio.php', 39, [...])
 2 SYSTEMPATH\View\View.php(213): include('APPPATH\\Views\\inicio.php')
 3 SYSTEMPATH\View\View.php(216): CodeIgniter\View\View->CodeIgniter\View\{closure}()
 4 SYSTEMPATH\Common.php(1137): CodeIgniter\View\View->render('inicio', [], true)
 5 APPPATH\Controllers\Inicio.php(75): view('inicio', [...])
 6 APPPATH\Controllers\Inicio.php(97): App\Controllers\Inicio->index([...])
 7 SYSTEMPATH\CodeIgniter.php(904): App\Controllers\Inicio->Agregar()
 8 SYSTEMPATH\CodeIgniter.php(457): CodeIgniter\CodeIgniter->runController(Object(App\Controllers\Inicio))
 9 SYSTEMPATH\CodeIgniter.php(340): CodeIgniter\CodeIgniter->handleRequest(null, Object(Config\Cache), false)
10 FCPATH\index.php(67): CodeIgniter\CodeIgniter->run()
CRITICAL - 2022-10-20 22:13:09 --> Undefined variable: data
in APPPATH\Views\inicio.php on line 39.
 1 APPPATH\Views\inicio.php(39): CodeIgniter\Debug\Exceptions->errorHandler(8, 'Undefined variable: data', 'APPPATH\\Views\\inicio.php', 39, [...])
 2 SYSTEMPATH\View\View.php(213): include('APPPATH\\Views\\inicio.php')
 3 SYSTEMPATH\View\View.php(216): CodeIgniter\View\View->CodeIgniter\View\{closure}()
 4 SYSTEMPATH\Common.php(1137): CodeIgniter\View\View->render('inicio', [], true)
 5 APPPATH\Controllers\Inicio.php(75): view('inicio', [...])
 6 APPPATH\Controllers\Inicio.php(96): App\Controllers\Inicio->index(Object(CodeIgniter\Validation\Validation))
 7 SYSTEMPATH\CodeIgniter.php(904): App\Controllers\Inicio->Agregar()
 8 SYSTEMPATH\CodeIgniter.php(457): CodeIgniter\CodeIgniter->runController(Object(App\Controllers\Inicio))
 9 SYSTEMPATH\CodeIgniter.php(340): CodeIgniter\CodeIgniter->handleRequest(null, Object(Config\Cache), false)
10 FCPATH\index.php(67): CodeIgniter\CodeIgniter->run()
CRITICAL - 2022-10-20 22:14:23 --> Undefined index: stock
in APPPATH\Views\inicio.php on line 65.
 1 APPPATH\Views\inicio.php(65): CodeIgniter\Debug\Exceptions->errorHandler(8, 'Undefined index: stock', 'APPPATH\\Views\\inicio.php', 65, [...])
 2 SYSTEMPATH\View\View.php(213): include('APPPATH\\Views\\inicio.php')
 3 SYSTEMPATH\View\View.php(216): CodeIgniter\View\View->CodeIgniter\View\{closure}()
 4 SYSTEMPATH\Common.php(1137): CodeIgniter\View\View->render('inicio', [], true)
 5 APPPATH\Controllers\Inicio.php(75): view('inicio', [...])
 6 APPPATH\Controllers\Inicio.php(96): App\Controllers\Inicio->index(Object(CodeIgniter\Validation\Validation))
 7 SYSTEMPATH\CodeIgniter.php(904): App\Controllers\Inicio->Agregar()
 8 SYSTEMPATH\CodeIgniter.php(457): CodeIgniter\CodeIgniter->runController(Object(App\Controllers\Inicio))
 9 SYSTEMPATH\CodeIgniter.php(340): CodeIgniter\CodeIgniter->handleRequest(null, Object(Config\Cache), false)
10 FCPATH\index.php(67): CodeIgniter\CodeIgniter->run()
CRITICAL - 2022-10-20 22:17:28 --> Undefined index: stok
in APPPATH\Views\inicio.php on line 65.
 1 APPPATH\Views\inicio.php(65): CodeIgniter\Debug\Exceptions->errorHandler(8, 'Undefined index: stok', 'APPPATH\\Views\\inicio.php', 65, [...])
 2 SYSTEMPATH\View\View.php(213): include('APPPATH\\Views\\inicio.php')
 3 SYSTEMPATH\View\View.php(216): CodeIgniter\View\View->CodeIgniter\View\{closure}()
 4 SYSTEMPATH\Common.php(1137): CodeIgniter\View\View->render('inicio', [], true)
 5 APPPATH\Controllers\Inicio.php(75): view('inicio', [...])
 6 APPPATH\Controllers\Inicio.php(96): App\Controllers\Inicio->index(Object(CodeIgniter\Validation\Validation))
 7 SYSTEMPATH\CodeIgniter.php(904): App\Controllers\Inicio->Agregar()
 8 SYSTEMPATH\CodeIgniter.php(457): CodeIgniter\CodeIgniter->runController(Object(App\Controllers\Inicio))
 9 SYSTEMPATH\CodeIgniter.php(340): CodeIgniter\CodeIgniter->handleRequest(null, Object(Config\Cache), false)
10 FCPATH\index.php(67): CodeIgniter\CodeIgniter->run()
CRITICAL - 2022-10-20 22:34:47 --> Undefined variable: datoUsuarios
in APPPATH\Views\inicio.php on line 66.
 1 APPPATH\Views\inicio.php(66): CodeIgniter\Debug\Exceptions->errorHandler(8, 'Undefined variable: datoUsuarios', 'APPPATH\\Views\\inicio.php', 66, [...])
 2 SYSTEMPATH\View\View.php(213): include('APPPATH\\Views\\inicio.php')
 3 SYSTEMPATH\View\View.php(216): CodeIgniter\View\View->CodeIgniter\View\{closure}()
 4 SYSTEMPATH\Common.php(1137): CodeIgniter\View\View->render('inicio', [], true)
 5 APPPATH\Controllers\Inicio.php(75): view('inicio', [...])
 6 SYSTEMPATH\CodeIgniter.php(904): App\Controllers\Inicio->index()
 7 SYSTEMPATH\CodeIgniter.php(457): CodeIgniter\CodeIgniter->runController(Object(App\Controllers\Inicio))
 8 SYSTEMPATH\CodeIgniter.php(340): CodeIgniter\CodeIgniter->handleRequest(null, Object(Config\Cache), false)
 9 FCPATH\index.php(67): CodeIgniter\CodeIgniter->run()
CRITICAL - 2022-10-20 23:27:51 --> Undefined variable: row
in APPPATH\Views\inicio.php on line 66.
 1 APPPATH\Views\inicio.php(66): CodeIgniter\Debug\Exceptions->errorHandler(8, 'Undefined variable: row', 'APPPATH\\Views\\inicio.php', 66, [...])
 2 SYSTEMPATH\View\View.php(213): include('APPPATH\\Views\\inicio.php')
 3 SYSTEMPATH\View\View.php(216): CodeIgniter\View\View->CodeIgniter\View\{closure}()
 4 SYSTEMPATH\Common.php(1137): CodeIgniter\View\View->render('inicio', [], true)
 5 APPPATH\Controllers\Inicio.php(75): view('inicio', [...])
 6 SYSTEMPATH\CodeIgniter.php(904): App\Controllers\Inicio->index()
 7 SYSTEMPATH\CodeIgniter.php(457): CodeIgniter\CodeIgniter->runController(Object(App\Controllers\Inicio))
 8 SYSTEMPATH\CodeIgniter.php(340): CodeIgniter\CodeIgniter->handleRequest(null, Object(Config\Cache), false)
 9 FCPATH\index.php(67): CodeIgniter\CodeIgniter->run()
CRITICAL - 2022-10-20 23:35:40 --> Undefined variable: datoPersonas
in APPPATH\Views\inicio.php on line 69.
 1 APPPATH\Views\inicio.php(69): CodeIgniter\Debug\Exceptions->errorHandler(8, 'Undefined variable: datoPersonas', 'APPPATH\\Views\\inicio.php', 69, [...])
 2 SYSTEMPATH\View\View.php(213): include('APPPATH\\Views\\inicio.php')
 3 SYSTEMPATH\View\View.php(216): CodeIgniter\View\View->CodeIgniter\View\{closure}()
 4 SYSTEMPATH\Common.php(1137): CodeIgniter\View\View->render('inicio', [], true)
 5 APPPATH\Controllers\Inicio.php(75): view('inicio', [...])
 6 SYSTEMPATH\CodeIgniter.php(904): App\Controllers\Inicio->index()
 7 SYSTEMPATH\CodeIgniter.php(457): CodeIgniter\CodeIgniter->runController(Object(App\Controllers\Inicio))
 8 SYSTEMPATH\CodeIgniter.php(340): CodeIgniter\CodeIgniter->handleRequest(null, Object(Config\Cache), false)
 9 FCPATH\index.php(67): CodeIgniter\CodeIgniter->run()
CRITICAL - 2022-10-20 23:37:54 --> Undefined variable: datoPersonas
in APPPATH\Views\inicio.php on line 66.
 1 APPPATH\Views\inicio.php(66): CodeIgniter\Debug\Exceptions->errorHandler(8, 'Undefined variable: datoPersonas', 'APPPATH\\Views\\inicio.php', 66, [...])
 2 SYSTEMPATH\View\View.php(213): include('APPPATH\\Views\\inicio.php')
 3 SYSTEMPATH\View\View.php(216): CodeIgniter\View\View->CodeIgniter\View\{closure}()
 4 SYSTEMPATH\Common.php(1137): CodeIgniter\View\View->render('inicio', [], true)
 5 APPPATH\Controllers\Inicio.php(75): view('inicio', [...])
 6 SYSTEMPATH\CodeIgniter.php(904): App\Controllers\Inicio->index()
 7 SYSTEMPATH\CodeIgniter.php(457): CodeIgniter\CodeIgniter->runController(Object(App\Controllers\Inicio))
 8 SYSTEMPATH\CodeIgniter.php(340): CodeIgniter\CodeIgniter->handleRequest(null, Object(Config\Cache), false)
 9 FCPATH\index.php(67): CodeIgniter\CodeIgniter->run()
CRITICAL - 2022-10-20 23:47:04 --> Undefined variable: listarProductos
in APPPATH\Views\inicio.php on line 57.
 1 APPPATH\Views\inicio.php(57): CodeIgniter\Debug\Exceptions->errorHandler(8, 'Undefined variable: listarProductos', 'APPPATH\\Views\\inicio.php', 57, [])
 2 SYSTEMPATH\View\View.php(213): include('APPPATH\\Views\\inicio.php')
 3 SYSTEMPATH\View\View.php(216): CodeIgniter\View\View->CodeIgniter\View\{closure}()
 4 SYSTEMPATH\Common.php(1137): CodeIgniter\View\View->render('inicio', [], true)
 5 APPPATH\Controllers\Inicio.php(106): view('inicio')
 6 SYSTEMPATH\CodeIgniter.php(904): App\Controllers\Inicio->actualizar()
 7 SYSTEMPATH\CodeIgniter.php(457): CodeIgniter\CodeIgniter->runController(Object(App\Controllers\Inicio))
 8 SYSTEMPATH\CodeIgniter.php(340): CodeIgniter\CodeIgniter->handleRequest(null, Object(Config\Cache), false)
 9 FCPATH\index.php(67): CodeIgniter\CodeIgniter->run()
